{
  "RSpec": {
    "coverage": {
      "/home/rbotafogo/desenv_linux/galaaz/lib/R_interface/rlanguage.rb": {
        "lines": [
          null,
          1,
          1,
          1,
          1,
          1,
          1,
          null,
          1,
          44,
          null,
          null,
          1,
          null,
          1,
          null,
          44,
          44,
          44,
          44,
          44,
          44,
          44,
          44,
          44,
          44,
          44,
          null,
          null,
          1,
          0,
          null,
          null,
          1,
          17,
          null,
          null,
          null
        ]
      },
      "/home/rbotafogo/desenv_linux/galaaz/lib/new_bridge/eval_result.rb": {
        "lines": [
          null,
          null,
          1,
          null,
          1,
          1,
          null,
          1,
          7,
          null,
          null,
          1,
          3,
          null,
          null,
          1,
          10,
          10,
          10,
          null,
          null,
          1,
          12,
          null,
          null,
          null
        ]
      },
      "/home/rbotafogo/desenv_linux/galaaz/lib/R_interface/rbinary_operators.rb": {
        "lines": [
          null,
          null,
          null,
          null,
          null,
          null,
          null,
          null,
          null,
          null,
          null,
          null,
          null,
          null,
          null,
          null,
          null,
          null,
          null,
          null,
          null,
          null,
          null,
          1,
          null,
          null,
          null,
          null,
          null,
          1,
          null,
          null,
          null,
          null,
          null,
          1,
          null,
          null,
          61,
          null,
          61,
          61,
          null,
          61,
          61,
          null,
          null,
          null,
          null,
          null,
          null,
          1,
          6,
          null,
          null,
          null,
          null,
          null,
          null,
          null,
          null,
          1,
          null,
          null,
          null,
          null,
          null,
          1,
          0,
          null,
          null,
          null,
          null,
          null,
          null,
          null,
          null,
          1,
          null,
          null,
          null,
          null,
          null,
          1,
          37,
          null,
          null,
          null,
          null,
          null,
          null,
          1,
          5,
          null,
          null,
          null,
          null,
          null,
          null,
          1,
          6,
          null,
          null,
          null,
          null,
          null,
          null,
          1,
          8,
          null,
          null,
          null,
          null,
          null,
          null,
          1,
          8,
          null,
          null,
          null,
          null,
          null,
          null,
          1,
          1,
          null,
          null,
          1,
          null,
          null,
          null,
          null,
          null,
          1,
          0,
          null,
          null,
          null,
          null,
          null,
          null,
          1,
          4,
          null,
          null,
          1,
          null,
          null,
          null,
          null,
          null,
          1,
          1,
          null,
          null,
          1,
          null,
          null,
          null,
          null,
          null,
          1,
          1,
          null,
          null,
          1,
          null,
          null,
          null,
          null,
          null,
          1,
          5,
          null,
          null,
          1,
          null,
          null,
          null,
          null,
          null,
          1,
          4,
          null,
          null,
          1,
          null,
          null,
          null,
          null,
          null,
          1,
          1,
          null,
          null,
          1,
          null,
          null,
          null,
          null,
          null,
          1,
          0,
          12,
          0,
          11,
          null,
          null,
          1,
          7,
          null,
          7,
          7,
          null,
          null,
          null,
          null,
          null
        ]
      },
      "/home/rbotafogo/desenv_linux/galaaz/lib/R_interface/rexpression.rb": {
        "lines": [
          null,
          null,
          null,
          null,
          null,
          null,
          null,
          null,
          null,
          null,
          null,
          null,
          null,
          null,
          null,
          null,
          null,
          null,
          null,
          null,
          null,
          null,
          null,
          1,
          null,
          null,
          null,
          null,
          null,
          1,
          null,
          1,
          1,
          null,
          null,
          null,
          null,
          null,
          null,
          1,
          0,
          null,
          null,
          null,
          null,
          null,
          null
        ]
      },
      "/home/rbotafogo/desenv_linux/galaaz/lib/R_interface/renvironment.rb": {
        "lines": [
          null,
          null,
          null,
          null,
          null,
          null,
          null,
          null,
          null,
          null,
          null,
          null,
          null,
          null,
          null,
          null,
          null,
          null,
          null,
          null,
          null,
          null,
          null,
          1,
          null,
          null,
          null,
          null,
          null,
          1,
          1,
          null,
          1,
          19,
          null,
          null,
          null,
          null,
          null,
          null,
          1,
          14,
          null,
          null,
          null,
          null,
          null,
          null,
          1,
          1,
          null,
          null,
          null,
          null,
          null,
          null,
          1,
          22,
          null,
          22,
          null,
          13,
          null,
          null,
          2,
          null,
          7,
          null,
          null,
          null,
          null,
          null,
          null
        ]
      },
      "/home/rbotafogo/desenv_linux/galaaz/lib/R_interface/ruby_extensions.rb": {
        "lines": [
          null,
          null,
          null,
          null,
          1,
          1,
          0,
          null,
          null,
          1,
          0,
          0,
          null,
          null,
          1,
          0,
          null,
          1,
          null,
          null,
          1,
          1,
          1,
          43,
          null,
          1,
          0,
          null,
          1,
          1,
          null,
          1,
          0,
          null,
          null,
          null,
          null,
          1,
          1,
          1,
          1,
          1,
          null,
          1,
          null,
          null,
          null,
          1,
          109,
          null,
          null,
          1,
          171,
          null,
          null,
          1,
          2,
          2,
          2,
          null,
          null,
          1,
          44,
          44,
          44,
          44,
          null,
          null,
          1,
          1,
          null,
          null,
          1,
          1,
          1,
          2,
          1,
          1,
          1,
          1,
          1,
          null,
          null,
          1,
          228,
          0,
          0,
          null,
          null,
          null,
          null,
          1,
          1,
          22,
          48,
          22,
          null,
          22,
          22,
          22,
          22,
          null,
          null,
          null,
          1,
          1,
          1,
          null,
          null,
          null,
          1,
          1,
          2,
          null,
          null,
          1,
          1,
          null,
          null,
          1,
          0,
          null,
          null,
          1,
          0,
          null,
          null,
          1,
          0,
          null,
          null,
          1,
          0,
          null,
          null,
          1,
          0,
          null,
          null,
          1,
          0,
          null,
          null,
          1,
          0,
          null,
          null,
          1,
          0,
          null,
          null,
          1,
          0,
          null,
          null,
          1,
          0,
          null,
          null,
          1,
          0,
          null,
          null,
          1,
          0,
          null,
          null,
          1,
          0,
          null,
          null,
          1,
          0,
          null,
          null,
          1,
          0,
          null,
          null,
          1,
          0,
          null,
          null,
          1,
          0,
          null,
          null,
          1,
          0,
          null,
          null,
          1,
          0,
          null,
          null,
          1,
          0,
          null,
          null,
          1,
          0,
          null,
          null,
          1,
          1,
          null,
          null,
          1,
          0,
          null,
          null,
          1,
          0,
          0,
          null,
          null,
          1,
          0,
          0,
          null,
          null,
          null,
          null,
          null,
          null,
          null,
          null,
          null,
          1,
          null,
          1,
          1,
          2,
          null,
          1,
          3,
          null,
          null,
          1,
          1,
          null,
          null,
          1,
          1,
          null,
          null,
          1,
          null,
          1,
          4,
          null,
          null,
          1,
          3,
          null,
          null
        ]
      },
      "/home/rbotafogo/desenv_linux/galaaz/lib/R_interface/rpkg.rb": {
        "lines": [
          null,
          null,
          null,
          null,
          null,
          null,
          null,
          null,
          null,
          null,
          null,
          null,
          null,
          null,
          null,
          null,
          null,
          null,
          null,
          null,
          null,
          null,
          null,
          null,
          1,
          null,
          null,
          null,
          null,
          null,
          1,
          null,
          1,
          null,
          1,
          0,
          0,
          null,
          null,
          1,
          0,
          null,
          null,
          1,
          0,
          0,
          null,
          null,
          1,
          null,
          null,
          null,
          null,
          null,
          null,
          null,
          1,
          0,
          null,
          null,
          null,
          null
        ]
      },
      "/home/rbotafogo/desenv_linux/galaaz/lib/new_bridge/tcp_framed.rb": {
        "lines": [
          null,
          null,
          1,
          1,
          null,
          1,
          null,
          1,
          1,
          null,
          1,
          null,
          null,
          1,
          1,
          1,
          1,
          1,
          0,
          1,
          1,
          null,
          1,
          null,
          null,
          1,
          null,
          1,
          null,
          1,
          1,
          null,
          null,
          1,
          1,
          0,
          1,
          1,
          null,
          1,
          null,
          null,
          null,
          null
        ]
      },
      "/home/rbotafogo/desenv_linux/galaaz/lib/new_bridge/session_client.rb": {
        "lines": [
          null,
          null,
          1,
          1,
          1,
          1,
          1,
          null,
          1,
          1,
          1,
          null,
          1,
          null,
          1,
          1,
          1,
          null,
          1,
          7,
          7,
          7,
          null,
          null,
          1,
          5,
          5,
          0,
          null,
          0,
          0,
          null,
          0,
          null,
          null,
          null,
          null,
          null,
          null,
          null,
          null,
          null,
          null,
          null,
          null,
          null,
          null,
          null,
          null,
          null,
          null,
          null,
          null,
          null,
          null,
          null,
          null,
          null,
          null,
          null,
          null,
          null,
          null,
          null,
          null,
          null,
          null,
          null,
          1,
          1,
          1,
          1,
          null,
          1,
          null,
          null,
          null,
          null,
          null,
          null,
          null,
          null,
          null,
          null,
          null,
          1,
          null,
          18,
          18,
          18,
          18,
          18,
          18,
          18,
          18,
          null,
          0,
          null,
          18,
          18,
          18,
          18,
          18,
          18,
          18,
          18,
          18,
          18,
          18,
          18,
          18,
          null,
          null,
          null,
          null,
          null,
          null,
          null,
          null,
          null,
          null,
          null,
          null,
          1,
          18,
          null,
          18,
          null,
          0,
          null,
          0,
          null,
          18,
          18,
          0,
          17,
          0,
          null,
          18,
          18,
          null,
          null,
          null,
          null,
          null,
          null,
          null,
          null,
          null,
          null,
          null,
          1,
          18,
          18,
          0,
          0,
          null,
          null,
          18,
          18,
          18,
          18,
          18,
          18,
          null,
          0,
          0,
          0,
          null,
          null,
          null,
          null,
          18,
          18,
          18,
          0,
          0,
          null,
          null,
          0,
          0,
          null,
          null,
          null,
          18,
          18,
          null,
          0,
          null,
          18,
          18,
          18,
          null,
          null,
          null,
          null,
          17,
          74,
          null,
          null,
          null,
          17,
          null,
          null,
          36,
          36,
          18,
          null,
          null,
          null,
          0,
          0,
          0,
          0,
          0,
          0,
          0,
          null,
          0,
          null,
          null,
          null,
          null,
          1,
          18,
          18,
          18,
          17,
          null,
          18,
          18,
          18,
          null,
          null,
          null,
          null,
          null,
          null,
          null,
          null,
          null,
          null,
          null,
          1,
          5026,
          5026,
          10052,
          5026,
          null,
          null,
          null,
          null,
          null,
          null,
          null,
          10052,
          null,
          5026,
          5025,
          0,
          null,
          5025,
          5025,
          5025,
          0,
          null,
          5025,
          5025,
          null,
          4841,
          null,
          null,
          null,
          null,
          null,
          null,
          null,
          null,
          null,
          null,
          null,
          1,
          8,
          null,
          7,
          7,
          14,
          null,
          7,
          null,
          null,
          null,
          null,
          null,
          null,
          null,
          14,
          null,
          7,
          4,
          null,
          null,
          7,
          null,
          null,
          null,
          null,
          null,
          null,
          null,
          null,
          1,
          45,
          90,
          45,
          null,
          null,
          1,
          null,
          null,
          null,
          null,
          1,
          43,
          null,
          38,
          null,
          5,
          5,
          null,
          0,
          null,
          0,
          null,
          0,
          null,
          null,
          null,
          null,
          1,
          5223,
          0,
          0,
          null,
          null,
          null,
          null,
          1,
          5026,
          5026,
          5026,
          5025,
          null,
          5025,
          null,
          null,
          2,
          1,
          1,
          null,
          null,
          null,
          null,
          null,
          null,
          1,
          18,
          5098,
          5080,
          5080,
          5080,
          null,
          10066,
          5033,
          null,
          5025,
          null,
          5,
          10,
          null,
          3,
          null,
          0,
          null,
          null,
          47,
          null,
          null,
          null,
          17,
          null,
          null,
          null,
          null,
          null,
          null,
          1,
          47,
          47,
          47,
          47,
          null,
          94,
          47,
          0,
          0,
          null,
          null,
          null,
          null,
          47,
          46,
          47,
          43,
          43,
          43,
          null,
          null,
          1,
          null,
          3,
          2,
          3,
          null,
          null,
          null,
          null,
          null,
          null,
          null,
          null,
          null,
          null,
          1,
          46,
          46,
          null,
          null,
          null,
          null,
          null,
          null,
          null,
          92,
          null,
          null,
          null,
          null,
          1,
          17,
          17,
          17,
          17,
          null,
          17,
          0,
          null,
          0,
          null,
          0,
          0,
          null,
          0,
          null,
          null,
          null,
          null,
          1,
          5,
          0,
          null,
          null,
          5,
          0,
          null,
          null,
          5,
          5,
          0,
          null,
          null,
          5,
          null,
          4,
          null,
          null,
          1,
          5,
          5,
          null,
          null,
          1,
          7,
          null,
          0,
          0,
          null,
          0,
          null,
          null,
          1,
          2,
          2,
          2,
          2,
          2,
          2,
          null,
          null,
          2,
          null,
          2,
          null,
          null,
          null,
          null,
          1,
          56,
          56,
          56,
          0,
          null,
          null,
          null,
          null,
          1,
          0,
          null,
          null,
          null
        ]
      },
      "/home/rbotafogo/desenv_linux/galaaz/lib/new_bridge/r_instance_manager.rb": {
        "lines": [
          null,
          null,
          1,
          1,
          null,
          1,
          null,
          null,
          null,
          null,
          null,
          null,
          null,
          null,
          1,
          1,
          null,
          1,
          null,
          1,
          19,
          19,
          19,
          19,
          19,
          19,
          19,
          19,
          19,
          19,
          null,
          null,
          null,
          null,
          null,
          null,
          null,
          null,
          1,
          16,
          null,
          14,
          14,
          14,
          14,
          14,
          null,
          null,
          null,
          null,
          null,
          null,
          14,
          14,
          null,
          null,
          null,
          null,
          null,
          null,
          null,
          1,
          null,
          5,
          5,
          null,
          4,
          4,
          4,
          4,
          4,
          0,
          3,
          4,
          null,
          0,
          null,
          4,
          4,
          null,
          4,
          4,
          4,
          4,
          4,
          null,
          4,
          6,
          6,
          6,
          null,
          null,
          null,
          0,
          null,
          null,
          null,
          6,
          null,
          null,
          null,
          null,
          null,
          null,
          5,
          6,
          3,
          3,
          3,
          3,
          3,
          null,
          3,
          3,
          3,
          3,
          0,
          null,
          3,
          null,
          3,
          3,
          null,
          null,
          null,
          4,
          1,
          null,
          3,
          3,
          3,
          null,
          null,
          3,
          3,
          null,
          null,
          null,
          null,
          null,
          null,
          null,
          null,
          null,
          3,
          3,
          null,
          null,
          null,
          null,
          1,
          null,
          8,
          null,
          1,
          null,
          6,
          null,
          5,
          null,
          null,
          null,
          null,
          null,
          null,
          null,
          null,
          null,
          null,
          1,
          null,
          null,
          null,
          1,
          5,
          null,
          null,
          null,
          null,
          null,
          1,
          3,
          5,
          0,
          null,
          4,
          null,
          null,
          null,
          null,
          null,
          null,
          5,
          null,
          null,
          null,
          null,
          1,
          13,
          12,
          null,
          2,
          1,
          null,
          1,
          1,
          1,
          1,
          1,
          null,
          null,
          null,
          null,
          1,
          12,
          4,
          null,
          2,
          2,
          null,
          null,
          null,
          null,
          1,
          2,
          2,
          5,
          5,
          null,
          4,
          null,
          2,
          null,
          null,
          1,
          2,
          null,
          1,
          null,
          null,
          null,
          null,
          null,
          1,
          6,
          4,
          4,
          4,
          4,
          4,
          4,
          null,
          null,
          2,
          2,
          3,
          null,
          2,
          2,
          2,
          2,
          null,
          null,
          2,
          1,
          0,
          0,
          null,
          2,
          null,
          null,
          1,
          1,
          null,
          null,
          null,
          null,
          1,
          2,
          2,
          null,
          1,
          null,
          null,
          1,
          null,
          1,
          1,
          1,
          1,
          null,
          0,
          null,
          null,
          null,
          null,
          null,
          null,
          null,
          null,
          1,
          null,
          null,
          null,
          1,
          8,
          6,
          5,
          4,
          null,
          2,
          2,
          1,
          null,
          null,
          1,
          10,
          4,
          null,
          4,
          4,
          null,
          3,
          null,
          null,
          1,
          null,
          null,
          1,
          6,
          5,
          null,
          4,
          null,
          1,
          null,
          null,
          1,
          2,
          2,
          2,
          2,
          1,
          null,
          1,
          null,
          null,
          null,
          1,
          3,
          2,
          null,
          1,
          null,
          1,
          null,
          null,
          1,
          7,
          5,
          5,
          null,
          1,
          1,
          1,
          1,
          null,
          null,
          2,
          2,
          null,
          1,
          1,
          1,
          null,
          1,
          1,
          null,
          null,
          null,
          null
        ]
      },
      "/home/rbotafogo/desenv_linux/galaaz/lib/R_interface/r.rb": {
        "lines": [
          null,
          null,
          null,
          null,
          null,
          null,
          null,
          null,
          null,
          null,
          null,
          null,
          null,
          null,
          null,
          null,
          null,
          null,
          null,
          null,
          null,
          null,
          null,
          1,
          1,
          null,
          null,
          1,
          null,
          null,
          null,
          1,
          null,
          null,
          1,
          1,
          1,
          1,
          1,
          null,
          null,
          1,
          null,
          1,
          1,
          107,
          null,
          null,
          null,
          1,
          1,
          null,
          1,
          1,
          1,
          null,
          null,
          null,
          null,
          1,
          5091,
          5091,
          null,
          null,
          1,
          null,
          null,
          null,
          null,
          null,
          null,
          1,
          null,
          901,
          0,
          0,
          null,
          null,
          901,
          null,
          null,
          null,
          null,
          null,
          null,
          null,
          1,
          0,
          null,
          null,
          null,
          null,
          null,
          1,
          3,
          3,
          3,
          null,
          2,
          null,
          null,
          null,
          1,
          1,
          null,
          null,
          null,
          null,
          1,
          1,
          3,
          null,
          2,
          2,
          2,
          null,
          null,
          null,
          null,
          null,
          null,
          null,
          null,
          null,
          1,
          3,
          null,
          0,
          0,
          0,
          null,
          3,
          null,
          null,
          1,
          2,
          null,
          null,
          2,
          2,
          2,
          null,
          2,
          null,
          null,
          null,
          null,
          null,
          2,
          2,
          null,
          2,
          2,
          null,
          2,
          0,
          0,
          null,
          null,
          0,
          0,
          0,
          null,
          null,
          0,
          0,
          0,
          0,
          0,
          null,
          0,
          0,
          0,
          0,
          0,
          0,
          0,
          null,
          null,
          null,
          0,
          null,
          0,
          null,
          null,
          null,
          null,
          0,
          0,
          0,
          0,
          0,
          null,
          null,
          null,
          null,
          null,
          null,
          null,
          null,
          null,
          null,
          1,
          2,
          null,
          7,
          null,
          null,
          null,
          null,
          null,
          null,
          1,
          8,
          8,
          null,
          0,
          null,
          null,
          null,
          1,
          4,
          4,
          4,
          4,
          4,
          null,
          null,
          null,
          1,
          2,
          2,
          2,
          4,
          2,
          3,
          1,
          null,
          2,
          2,
          null,
          null,
          null,
          1,
          2,
          2,
          null,
          null,
          null,
          null,
          null,
          null,
          1,
          null,
          null,
          1,
          null,
          1,
          null,
          null,
          1,
          null,
          1,
          null,
          1,
          null,
          1,
          null,
          1,
          null,
          1,
          null,
          1,
          null,
          1,
          null,
          1,
          null,
          1,
          null,
          1,
          null,
          null,
          1,
          null,
          null,
          1
        ]
      },
      "/home/rbotafogo/desenv_linux/galaaz/lib/util/inline_file.rb": {
        "lines": [
          null,
          null,
          null,
          null,
          null,
          null,
          null,
          null,
          null,
          null,
          null,
          null,
          null,
          null,
          null,
          null,
          null,
          null,
          null,
          null,
          null,
          null,
          null,
          1,
          null,
          null,
          null,
          null,
          null,
          null,
          null,
          null,
          null,
          null,
          1,
          4,
          4,
          4,
          null,
          4,
          2,
          32,
          33,
          null,
          4,
          null,
          null,
          29,
          29,
          29,
          null,
          null,
          null,
          null,
          4,
          3,
          null,
          null,
          null,
          null,
          null,
          null,
          null,
          null,
          null,
          null,
          null,
          null,
          null,
          1,
          1,
          1,
          1,
          1,
          3,
          null,
          null,
          1,
          null,
          null,
          null
        ]
      },
      "/home/rbotafogo/desenv_linux/galaaz/lib/R_interface/rsymbol.rb": {
        "lines": [
          null,
          null,
          null,
          null,
          null,
          null,
          null,
          null,
          null,
          null,
          null,
          null,
          null,
          null,
          null,
          null,
          null,
          null,
          null,
          null,
          null,
          null,
          null,
          1,
          null,
          null,
          null,
          null,
          null,
          1,
          1,
          1,
          1,
          null,
          1,
          4,
          null,
          null,
          1,
          0,
          0,
          0,
          null,
          null,
          1,
          0,
          0,
          0,
          null,
          null,
          null,
          1,
          1,
          1,
          1,
          1,
          null,
          null,
          1,
          null,
          0,
          null,
          0,
          0,
          null,
          null,
          0,
          0,
          null,
          0,
          null,
          null,
          0,
          0,
          null,
          null,
          1,
          0,
          0,
          0,
          0,
          null,
          null,
          null,
          null,
          null,
          null,
          null,
          null,
          null,
          null,
          null,
          null,
          null,
          null,
          null,
          null,
          null,
          null,
          1,
          0,
          null,
          null,
          null,
          null,
          null,
          null,
          null,
          null,
          null
        ]
      },
      "/home/rbotafogo/desenv_linux/galaaz/lib/new_bridge/instance_pool_client.rb": {
        "lines": [
          null,
          null,
          1,
          null,
          1,
          null,
          null,
          1,
          1,
          null,
          null,
          1,
          2,
          2,
          2,
          2,
          2,
          4,
          null,
          null,
          null,
          1,
          6,
          2,
          null,
          null,
          1,
          2,
          2,
          null,
          null,
          1,
          217,
          215,
          null,
          null,
          null,
          null
        ]
      },
      "/home/rbotafogo/desenv_linux/galaaz/lib/new_bridge/framing.rb": {
        "lines": [
          null,
          null,
          1,
          null,
          1,
          1,
          1,
          null,
          1,
          null,
          1,
          5082,
          null,
          5082,
          5081,
          5081,
          null,
          null,
          1,
          5102,
          5084,
          5084,
          null,
          5084,
          null,
          null,
          1,
          10186,
          10186,
          10187,
          10185,
          null,
          10168,
          null,
          10167,
          null,
          1,
          null,
          null
        ]
      },
      "/home/rbotafogo/desenv_linux/galaaz/lib/R_interface/new_bridge_adapter.rb": {
        "lines": [
          null,
          null,
          1,
          1,
          null,
          1,
          null,
          null,
          null,
          null,
          null,
          null,
          null,
          null,
          null,
          null,
          1,
          1,
          null,
          1,
          1,
          1,
          1,
          null,
          1,
          1,
          null,
          null,
          null,
          null,
          null,
          null,
          null,
          1,
          1,
          null,
          null,
          null,
          null,
          null,
          null,
          null,
          null,
          null,
          null,
          null,
          null,
          null,
          null,
          null,
          null,
          null,
          null,
          null,
          null,
          null,
          null,
          null,
          null,
          null,
          null,
          null,
          null,
          null,
          null,
          null,
          null,
          null,
          null,
          null,
          null,
          null,
          null,
          null,
          null,
          null,
          null,
          null,
          null,
          null,
          null,
          null,
          null,
          null,
          null,
          null,
          null,
          null,
          null,
          null,
          null,
          null,
          null,
          null,
          null,
          null,
          null,
          null,
          null,
          null,
          null,
          null,
          null,
          null,
          null,
          null,
          null,
          null,
          null,
          null,
          null,
          null,
          null,
          null,
          null,
          null,
          null,
          null,
          null,
          1,
          null,
          null,
          1,
          1740,
          null,
          null,
          1,
          0,
          null,
          null,
          null,
          null,
          1,
          295,
          295,
          295,
          null,
          295,
          null,
          null,
          null,
          null,
          1,
          366,
          366,
          0,
          0,
          null,
          366,
          193,
          null,
          null,
          null,
          173,
          null,
          172,
          172,
          null,
          null,
          null,
          null,
          null,
          null,
          1,
          1,
          null,
          1,
          null,
          null,
          null,
          0,
          0,
          0,
          1,
          null,
          0,
          null,
          null,
          0,
          null,
          1,
          null,
          null,
          null,
          null,
          null,
          1,
          2,
          null,
          2,
          2,
          null,
          null,
          null,
          2,
          0,
          1,
          1,
          1,
          0,
          0,
          null,
          1,
          1,
          1,
          null,
          0,
          null,
          null,
          1,
          null,
          null,
          null,
          null,
          null,
          1,
          31,
          null,
          null,
          null,
          31,
          31,
          null,
          0,
          null,
          null,
          null,
          null,
          null,
          1,
          2720,
          null,
          null,
          null,
          2714,
          null,
          null,
          null,
          null,
          null,
          null,
          1,
          2,
          2,
          null,
          2,
          2,
          null,
          null,
          null,
          2,
          null,
          null,
          null,
          null,
          null,
          1,
          172,
          null,
          null,
          null,
          172,
          0,
          null,
          null,
          172,
          null,
          null,
          null,
          1,
          1,
          2,
          null,
          null,
          null,
          1,
          null,
          null,
          null,
          null,
          1,
          40,
          40,
          80,
          null,
          null,
          null,
          40,
          null,
          null,
          null,
          1,
          2,
          2,
          4,
          null,
          null,
          null,
          null,
          null,
          null,
          1,
          1,
          1,
          2,
          null,
          null,
          null,
          1,
          null,
          null,
          1,
          4265,
          null,
          4265,
          4265,
          null,
          2,
          2,
          null,
          2,
          null,
          0,
          null,
          null,
          null,
          null,
          null,
          1,
          37,
          37,
          37,
          37,
          37,
          null,
          0,
          null,
          37,
          0,
          0,
          null,
          null,
          37,
          37,
          39,
          39,
          39,
          39,
          39,
          38,
          39,
          null,
          null,
          39,
          39,
          4,
          null,
          35,
          null,
          null,
          null,
          38,
          38,
          38,
          null,
          38,
          null,
          39,
          39,
          39,
          null,
          null,
          null,
          null,
          null,
          null,
          null,
          0,
          null,
          null,
          null,
          null,
          null,
          37,
          null,
          null,
          null,
          null,
          null,
          0,
          0,
          0,
          null,
          0,
          null,
          null,
          null,
          null,
          null,
          null,
          null,
          null,
          null,
          1,
          0,
          0,
          null,
          null,
          null,
          null,
          1,
          4,
          4,
          null,
          null,
          1,
          6,
          6,
          null,
          6,
          null,
          1,
          null,
          1,
          null,
          4,
          null,
          0,
          null,
          0,
          null,
          0,
          0,
          null,
          0,
          0,
          0,
          null,
          null,
          null,
          null,
          null,
          null,
          null,
          1,
          6,
          6,
          0,
          5,
          6,
          0,
          0,
          null,
          6,
          null,
          null,
          null,
          null,
          null,
          1,
          18,
          18,
          0,
          17,
          11,
          0,
          0,
          7,
          null,
          18,
          null,
          null,
          null,
          null,
          null,
          1,
          300,
          301,
          301,
          301,
          null,
          null,
          null,
          0,
          null,
          null,
          null,
          null,
          1,
          59,
          59,
          58,
          59,
          59,
          59,
          null,
          null,
          0,
          null,
          null,
          1,
          21,
          21,
          20,
          21,
          21,
          21,
          null,
          null,
          0,
          null,
          null,
          null,
          null,
          null,
          null,
          1,
          1,
          1,
          null,
          1,
          3,
          0,
          2,
          3,
          null,
          null,
          0,
          null,
          0,
          null,
          null,
          null,
          null,
          1,
          1,
          1,
          2,
          null,
          null,
          null,
          null,
          0,
          null,
          null,
          null,
          null,
          1,
          null,
          null,
          null,
          null,
          null,
          null,
          null,
          null,
          1,
          5,
          5,
          5,
          null,
          5,
          5,
          null,
          5,
          null,
          5,
          11,
          11,
          11,
          null,
          11,
          11,
          11,
          null,
          null,
          5,
          null,
          null,
          1,
          null,
          null,
          1,
          39,
          39,
          null,
          33,
          39,
          null,
          39,
          39,
          null,
          null,
          null,
          1,
          4440,
          null,
          null,
          1,
          4477,
          null,
          null,
          1,
          10,
          10,
          10,
          10,
          null,
          0,
          0,
          0,
          null,
          null,
          null,
          null,
          null,
          null,
          null,
          null,
          null,
          null,
          null,
          null,
          null,
          null,
          null,
          null,
          null,
          null,
          null,
          null,
          null,
          null,
          null,
          null,
          null,
          null,
          null,
          null,
          null,
          null,
          null,
          10,
          10,
          10,
          10,
          10,
          10,
          10,
          10,
          null,
          null,
          4,
          null,
          0,
          null,
          0,
          null,
          0,
          null,
          6,
          null,
          null,
          10,
          null,
          null,
          1,
          194,
          194,
          194,
          null,
          32,
          null,
          38,
          null,
          124,
          null,
          0,
          null,
          null,
          null,
          1,
          2,
          null,
          2,
          null,
          1,
          1,
          1,
          1,
          null,
          4,
          null,
          0,
          null,
          null,
          null,
          1,
          2718,
          2718,
          2718,
          null,
          1065,
          null,
          91,
          null,
          159,
          null,
          350,
          null,
          1,
          null,
          1052,
          1052,
          1052,
          null,
          0,
          null,
          null,
          null,
          1,
          590,
          null,
          null,
          589,
          null,
          null,
          null,
          1,
          0,
          380,
          301,
          null,
          80,
          null,
          762,
          null,
          null,
          null,
          null,
          null,
          1,
          381,
          null,
          null,
          null,
          1,
          381,
          null,
          381,
          381,
          381,
          null,
          381,
          381,
          null,
          254,
          null,
          128,
          null,
          150,
          null,
          0,
          null,
          null,
          null,
          1,
          1,
          null,
          null,
          null,
          1,
          null,
          1,
          500,
          null,
          null,
          null,
          500,
          null,
          500,
          null,
          0,
          null,
          0,
          null,
          null,
          null,
          null,
          1,
          1,
          1,
          1,
          4,
          null,
          null,
          null,
          4,
          null,
          null,
          null,
          1,
          1,
          1,
          1,
          3,
          null,
          null,
          null,
          3,
          null,
          null,
          null,
          1,
          173,
          173,
          32,
          1,
          1,
          1,
          null,
          null,
          null,
          null
        ]
      },
      "/home/rbotafogo/desenv_linux/galaaz/lib/R_interface/rsupport.rb": {
        "lines": [
          null,
          null,
          null,
          null,
          null,
          null,
          null,
          null,
          1,
          null,
          1,
          1,
          0,
          null,
          null,
          null,
          1,
          1,
          11,
          null,
          1,
          null,
          null,
          1,
          null,
          1,
          1,
          1,
          1,
          null,
          1,
          1,
          1,
          1,
          1,
          1,
          1,
          null,
          null,
          1,
          null,
          1,
          1,
          null,
          null,
          1,
          2,
          2,
          2,
          null,
          null,
          null,
          1,
          0,
          null,
          null,
          1,
          2,
          2,
          2,
          null,
          null,
          null,
          1,
          232,
          null,
          null,
          1,
          165,
          165,
          0,
          0,
          null,
          165,
          0,
          0,
          null,
          165,
          165,
          null,
          null,
          null,
          null,
          1,
          3781,
          3781,
          3781,
          null,
          null,
          null,
          null,
          1,
          1256,
          1256,
          1256,
          1256,
          0,
          0,
          1256,
          null,
          null,
          null,
          null,
          null,
          1,
          72,
          null,
          72,
          72,
          3,
          68,
          0,
          null,
          69,
          null,
          null,
          null,
          null,
          72,
          9,
          62,
          0,
          null,
          63,
          null,
          null,
          72,
          72,
          71,
          0,
          null,
          71,
          null,
          71,
          null,
          2,
          null,
          7,
          null,
          1,
          1,
          null,
          null,
          34,
          34,
          0,
          0,
          0,
          0,
          null,
          34,
          null,
          0,
          null,
          null,
          null,
          null,
          null,
          1,
          88,
          88,
          67,
          66,
          null,
          null,
          null,
          null,
          1,
          1,
          1,
          1,
          1,
          1,
          1,
          1,
          1,
          1,
          1,
          1,
          null,
          null,
          null,
          1,
          15325,
          14096,
          null,
          14096,
          null,
          134,
          287,
          null,
          287,
          287,
          133,
          null,
          12027,
          null,
          null,
          47,
          46,
          null,
          114,
          null,
          null,
          4457,
          98,
          null,
          4359,
          null,
          null,
          9156,
          null,
          56,
          null,
          49,
          null,
          24,
          24,
          null,
          36,
          36,
          null,
          null,
          0,
          0,
          null,
          null,
          null,
          null,
          null,
          null,
          null,
          null,
          null,
          null,
          0,
          null,
          null,
          null,
          null,
          null,
          null,
          null,
          null,
          null,
          null,
          null,
          null,
          null,
          0,
          null,
          null,
          null,
          null,
          null,
          null,
          null,
          null,
          null,
          null,
          null,
          null,
          null,
          null,
          null,
          null,
          null,
          null,
          null,
          null,
          null,
          null,
          null,
          null,
          null,
          null,
          null,
          null,
          null,
          0,
          null,
          null,
          null,
          null,
          null,
          null,
          6,
          null,
          2,
          2,
          null,
          null,
          null,
          null,
          null,
          1,
          55,
          165,
          null,
          220,
          55,
          null,
          null,
          null,
          1,
          0,
          0,
          0,
          0,
          0,
          null,
          0,
          null,
          null,
          0,
          0,
          null,
          null,
          1,
          1,
          null,
          null,
          null,
          1,
          1508,
          null,
          1508,
          0,
          null,
          null,
          1508,
          1508,
          null,
          0,
          1507,
          null,
          527,
          169,
          null,
          0,
          1507,
          null,
          null,
          null,
          5,
          null,
          1508,
          55,
          1452,
          0,
          null,
          3998,
          null,
          1453,
          7,
          null,
          null,
          1453,
          null,
          1508,
          1508,
          1503,
          0,
          0,
          null,
          null,
          1503,
          null,
          null,
          null,
          1,
          1504,
          null,
          496,
          496,
          3,
          null,
          493,
          493,
          null,
          0,
          0,
          null,
          1008,
          null,
          0,
          null,
          null,
          null,
          null,
          1,
          2,
          null,
          2,
          null,
          2,
          0,
          null,
          null,
          2,
          2,
          null,
          0,
          1,
          null,
          0,
          0,
          null,
          0,
          1,
          null,
          null,
          null,
          0,
          null,
          2,
          0,
          1,
          0,
          null,
          4,
          2,
          0,
          null,
          null,
          2,
          null,
          2,
          null,
          2,
          2,
          0,
          1,
          1,
          1,
          1,
          1,
          null,
          0,
          null,
          null,
          1,
          null,
          null,
          null,
          null,
          1,
          1,
          null,
          null,
          null,
          1,
          1209,
          1209,
          0,
          0,
          null,
          1209,
          1162,
          null,
          1142,
          0,
          0,
          0,
          0,
          0,
          0,
          null,
          null,
          1142,
          null,
          null,
          null,
          1,
          47,
          47,
          47,
          30,
          30,
          30,
          0,
          0,
          0,
          null,
          null,
          null,
          17,
          null,
          null,
          null,
          null,
          1,
          20,
          5,
          null,
          15,
          7,
          7,
          7,
          5,
          5,
          null,
          7,
          7,
          7,
          0,
          0,
          0,
          0,
          0,
          0,
          0,
          null,
          7,
          7,
          null,
          8,
          1,
          1,
          null,
          7,
          null,
          null,
          null,
          1,
          1142,
          0,
          null,
          null,
          null,
          null,
          1142,
          876,
          null,
          null,
          266,
          266,
          null,
          null,
          null,
          null,
          231,
          232,
          232,
          null,
          null,
          0,
          null,
          null,
          232,
          232,
          232,
          null,
          232,
          232,
          232,
          232,
          225,
          225,
          225,
          null,
          null,
          232,
          57,
          57,
          null,
          174,
          175,
          172,
          172,
          172,
          165,
          165,
          null,
          165,
          null,
          172,
          null,
          3,
          3,
          3,
          null,
          null,
          null,
          0,
          0,
          null,
          0,
          null,
          0,
          0,
          0,
          0,
          null,
          null,
          0,
          0,
          0,
          0,
          0,
          null,
          0,
          null,
          0,
          null,
          null,
          232,
          68,
          68,
          68,
          null,
          null,
          164,
          null,
          null,
          4,
          1,
          null,
          null,
          3,
          null,
          null,
          null,
          1,
          1,
          1,
          1,
          null,
          null,
          1,
          2,
          2,
          2,
          2,
          null,
          null,
          null,
          1,
          0,
          0,
          0,
          0,
          null,
          null,
          null,
          1,
          0,
          null,
          null,
          null,
          1,
          3,
          3,
          null,
          null,
          null,
          1,
          1,
          null,
          1,
          3,
          null,
          null,
          null,
          1,
          6,
          null,
          null,
          null,
          1,
          2,
          null,
          null,
          null,
          null,
          1,
          1
        ]
      },
      "/home/rbotafogo/desenv_linux/galaaz/lib/R_interface/runary_operators.rb": {
        "lines": [
          null,
          null,
          null,
          null,
          null,
          null,
          null,
          null,
          null,
          null,
          null,
          null,
          null,
          null,
          null,
          null,
          null,
          null,
          null,
          null,
          null,
          null,
          null,
          1,
          null,
          1,
          null,
          null,
          null,
          null,
          null,
          1,
          8,
          null,
          null,
          null,
          null,
          null,
          1,
          null,
          null,
          null,
          null,
          null,
          1,
          null,
          null,
          null,
          0,
          0,
          null,
          null,
          null,
          null,
          null,
          null,
          null,
          null,
          1,
          null,
          null,
          null,
          null,
          null,
          1,
          null,
          3,
          null,
          null,
          null,
          null,
          null,
          null,
          1,
          null,
          5,
          null,
          null,
          null,
          null,
          null,
          null,
          1,
          null,
          0,
          null,
          null,
          null,
          null,
          null
        ]
      },
      "/home/rbotafogo/desenv_linux/galaaz/lib/R_interface/rmatrix.rb": {
        "lines": [
          null,
          null,
          null,
          null,
          null,
          null,
          null,
          null,
          null,
          null,
          null,
          null,
          null,
          null,
          null,
          null,
          null,
          null,
          null,
          null,
          null,
          null,
          null,
          1,
          null,
          null,
          null,
          null,
          null,
          1,
          1,
          null,
          1,
          1,
          null,
          null,
          1,
          1,
          null,
          null,
          1,
          null,
          1,
          37,
          null,
          null,
          null,
          null,
          null
        ]
      },
      "/home/rbotafogo/desenv_linux/galaaz/lib/R_interface/rindexed_object.rb": {
        "lines": [
          null,
          null,
          null,
          null,
          null,
          null,
          null,
          null,
          null,
          null,
          null,
          null,
          null,
          null,
          null,
          null,
          null,
          null,
          null,
          null,
          null,
          null,
          null,
          1,
          null,
          null,
          null,
          null,
          null,
          1,
          null,
          null,
          null,
          null,
          null,
          null,
          1,
          null,
          null,
          212,
          66,
          null,
          null,
          null,
          66,
          61,
          61,
          66,
          5,
          null,
          61,
          null,
          null,
          146,
          0,
          null,
          null,
          1,
          1,
          null,
          145,
          null,
          null,
          null,
          0,
          0,
          null,
          0,
          null,
          null,
          null,
          null,
          null,
          null,
          null,
          null,
          null,
          null,
          1,
          7,
          7,
          null,
          null,
          7,
          16,
          4,
          null,
          3,
          3,
          3,
          null,
          null,
          7,
          null,
          null,
          null,
          null,
          null,
          null,
          1,
          0,
          null,
          null,
          null,
          null,
          null
        ]
      },
      "/home/rbotafogo/desenv_linux/galaaz/lib/galaaz.rb": {
        "lines": [
          null,
          null,
          null,
          null,
          null,
          null,
          null,
          null,
          null,
          null,
          null,
          null,
          null,
          null,
          null,
          null,
          null,
          null,
          null,
          null,
          null,
          null,
          null,
          1,
          null,
          1,
          1,
          1
        ]
      },
      "/home/rbotafogo/desenv_linux/galaaz/lib/R_interface/rdata_frame.rb": {
        "lines": [
          null,
          1,
          1,
          1,
          1,
          null,
          null,
          null,
          1,
          5,
          2,
          null,
          null,
          2,
          2,
          1,
          null,
          0,
          null,
          null,
          1,
          323,
          null,
          null,
          1,
          null,
          0,
          null,
          null,
          1,
          null,
          0,
          0,
          0,
          null,
          null,
          1,
          2,
          2,
          0,
          null,
          2,
          2,
          1,
          null,
          1,
          null,
          null,
          2,
          2,
          null,
          null,
          null,
          1,
          1,
          32,
          null,
          null,
          null,
          1,
          1,
          11,
          null,
          null,
          null,
          null
        ]
      },
      "/home/rbotafogo/desenv_linux/galaaz/version.rb": {
        "lines": [
          1,
          1
        ]
      },
      "/home/rbotafogo/desenv_linux/galaaz/lib/new_bridge/envelope.rb": {
        "lines": [
          null,
          null,
          1,
          null,
          1,
          null,
          1,
          1,
          1,
          null,
          1,
          1,
          null,
          1,
          null,
          1,
          5083,
          5083,
          5083,
          null,
          5083,
          5083,
          null,
          5082,
          null,
          0,
          null,
          null,
          1,
          5086,
          null,
          5085,
          5084,
          2,
          null,
          null,
          5082,
          5082,
          5082,
          null,
          5081,
          null,
          1,
          null,
          null,
          1,
          71045,
          null,
          1,
          null,
          null
        ]
      },
      "/home/rbotafogo/desenv_linux/galaaz/lib/R_interface/rsupport_scope.rb": {
        "lines": [
          null,
          null,
          null,
          null,
          null,
          null,
          null,
          null,
          null,
          null,
          null,
          null,
          null,
          null,
          null,
          null,
          null,
          null,
          null,
          null,
          null,
          null,
          null,
          1,
          null,
          1,
          null,
          1,
          2,
          2,
          null,
          2,
          null,
          6,
          null,
          null,
          2,
          null,
          2,
          4,
          3,
          null,
          null,
          null,
          null,
          null,
          null,
          null,
          2,
          0,
          null,
          null,
          null,
          null,
          null,
          null,
          2,
          0,
          null,
          null,
          null,
          null,
          null,
          null,
          null,
          null,
          1,
          null,
          1,
          2,
          2,
          2,
          null,
          null,
          null,
          null,
          null,
          null
        ]
      },
      "/home/rbotafogo/desenv_linux/galaaz/lib/R_interface/rdevice.rb": {
        "lines": [
          null,
          null,
          null,
          1,
          1,
          null,
          1,
          1,
          1,
          3,
          null,
          null,
          null,
          null,
          null,
          null,
          null,
          null,
          null,
          null,
          null,
          null,
          null,
          null,
          null,
          null,
          null,
          null,
          null,
          null,
          null,
          null,
          null,
          null,
          null,
          null,
          null,
          null,
          null,
          null,
          null,
          null,
          null,
          null,
          null,
          null,
          null,
          null,
          null,
          null,
          null,
          1,
          4,
          4,
          4,
          4,
          4,
          4,
          4,
          4,
          4,
          null,
          null,
          1,
          7,
          7,
          7,
          7,
          7,
          7,
          7,
          1,
          null,
          6,
          null,
          7,
          7,
          null,
          null,
          1,
          4,
          4,
          4,
          4,
          0,
          null,
          null,
          null,
          1,
          3,
          3,
          null,
          null,
          1,
          3,
          3,
          3,
          null,
          3,
          3,
          3,
          3,
          null,
          3,
          3,
          null,
          0,
          0,
          null,
          null,
          3,
          null,
          null,
          1,
          4,
          4,
          4,
          1,
          1,
          1,
          null,
          4,
          null,
          null,
          null
        ]
      },
      "/home/rbotafogo/desenv_linux/galaaz/lib/R_interface/rclosure.rb": {
        "lines": [
          null,
          null,
          null,
          null,
          null,
          null,
          null,
          null,
          null,
          null,
          null,
          null,
          null,
          null,
          null,
          null,
          null,
          null,
          null,
          null,
          null,
          null,
          null,
          1,
          null,
          1,
          null,
          1,
          2,
          null,
          null,
          null,
          null,
          null,
          null,
          1,
          4,
          null,
          null,
          null,
          null,
          null
        ]
      },
      "/home/rbotafogo/desenv_linux/galaaz/lib/new_bridge.rb": {
        "lines": [
          null,
          null,
          1,
          1,
          1,
          1,
          1,
          1,
          1
        ]
      },
      "/home/rbotafogo/desenv_linux/galaaz/r_requires/ggplot.rb": {
        "lines": [
          null,
          null,
          null,
          null,
          null,
          null,
          null,
          null,
          null,
          null,
          null,
          null,
          null,
          null,
          null,
          null,
          null,
          null,
          null,
          null,
          null,
          null,
          null,
          1
        ]
      },
      "/home/rbotafogo/desenv_linux/galaaz/lib/R_interface/rlist.rb": {
        "lines": [
          null,
          null,
          null,
          null,
          null,
          null,
          null,
          null,
          null,
          null,
          null,
          null,
          null,
          null,
          null,
          null,
          null,
          null,
          null,
          null,
          null,
          null,
          null,
          1,
          null,
          null,
          null,
          null,
          null,
          1,
          1,
          1,
          null,
          1,
          114,
          null,
          null,
          null,
          null,
          null,
          null,
          1,
          0,
          null,
          null,
          null,
          null,
          null,
          null,
          1,
          0,
          null,
          null,
          null,
          null,
          null,
          null,
          null,
          null,
          1,
          16,
          0,
          null,
          16,
          12,
          null,
          null,
          12,
          null,
          6,
          null,
          6,
          null,
          null,
          null,
          null,
          null,
          null,
          null,
          null,
          4,
          0,
          null,
          null,
          0,
          0,
          null,
          null,
          null,
          4,
          4,
          4,
          1,
          1,
          1,
          3,
          3,
          0,
          2,
          3,
          null,
          0,
          null,
          null,
          1,
          null,
          null,
          3,
          3,
          3,
          3,
          1,
          1,
          1,
          null,
          null,
          0,
          null,
          0,
          0,
          0,
          0,
          0,
          0,
          0,
          0,
          0,
          null,
          0,
          null,
          0,
          null,
          null,
          0,
          null,
          null,
          null,
          0,
          0,
          0,
          0,
          0,
          0,
          0,
          0,
          0,
          null,
          null,
          1,
          null,
          null,
          15,
          null,
          null,
          null,
          null,
          null,
          null,
          null,
          1,
          null,
          1,
          1,
          1,
          null,
          4,
          null,
          null,
          null,
          null,
          null,
          null,
          null,
          null,
          1,
          null,
          1,
          1,
          1,
          4,
          null,
          null,
          null,
          null,
          null,
          null,
          null,
          null
        ]
      },
      "/home/rbotafogo/desenv_linux/galaaz/lib/R_interface/robject.rb": {
        "lines": [
          null,
          null,
          null,
          null,
          null,
          null,
          null,
          null,
          null,
          null,
          null,
          1,
          null,
          1,
          1,
          1,
          1,
          1,
          1,
          1,
          null,
          null,
          1,
          null,
          null,
          null,
          null,
          null,
          null,
          null,
          null,
          null,
          1,
          1,
          null,
          null,
          1,
          67,
          null,
          null,
          null,
          1,
          0,
          null,
          null,
          null,
          null,
          1,
          1,
          null,
          null,
          null,
          1,
          1,
          null,
          null,
          null,
          1,
          0,
          null,
          null,
          1,
          1682,
          1682,
          null,
          null,
          null,
          null,
          1,
          126,
          null,
          null,
          1,
          4,
          null,
          null,
          1,
          122,
          null,
          null,
          null,
          null,
          null,
          null,
          1,
          null,
          1707,
          0,
          null,
          null,
          null,
          1707,
          null,
          null,
          1707,
          1707,
          null,
          1706,
          1707,
          1707,
          1707,
          1707,
          1707,
          null,
          null,
          1707,
          122,
          1584,
          null,
          null,
          null,
          1707,
          null,
          1682,
          0,
          null,
          null,
          1682,
          988,
          988,
          986,
          986,
          null,
          null,
          null,
          696,
          0,
          0,
          null,
          null,
          696,
          696,
          696,
          null,
          0,
          0,
          null,
          null,
          null,
          0,
          null,
          null,
          null,
          1,
          122,
          122,
          null,
          null,
          1,
          null,
          988,
          2,
          null,
          null,
          986,
          null,
          96,
          null,
          23,
          null,
          440,
          440,
          440,
          null,
          394,
          null,
          24,
          null,
          9,
          null,
          0,
          null,
          0,
          null,
          0,
          null,
          null,
          null,
          1,
          696,
          null,
          20,
          null,
          6,
          null,
          null,
          610,
          610,
          610,
          null,
          5,
          null,
          0,
          null,
          3,
          null,
          1,
          null,
          4,
          null,
          1,
          null,
          46,
          46,
          null,
          null,
          null,
          null,
          1,
          31,
          31,
          null,
          null,
          null,
          1,
          14,
          null,
          null,
          null,
          1,
          1317,
          1317,
          8,
          null,
          null,
          null,
          1,
          1156,
          1156,
          null,
          1,
          null,
          null,
          1,
          2,
          2,
          null,
          null,
          null,
          1,
          4,
          null,
          null,
          1,
          null,
          null,
          1,
          13,
          13,
          13,
          null,
          null,
          null,
          1,
          18,
          18,
          18,
          null,
          null,
          null,
          null,
          null,
          1,
          5,
          0,
          null,
          5,
          5,
          5,
          null,
          0,
          0,
          null,
          null,
          0,
          0,
          0,
          0,
          0,
          0,
          0,
          0,
          0,
          0,
          null,
          0,
          0,
          0,
          0,
          0,
          null,
          0,
          null,
          0,
          null,
          null,
          0,
          null,
          null,
          0,
          null,
          null,
          0,
          0,
          0,
          0,
          0,
          0,
          null,
          0,
          0,
          0,
          null,
          null,
          0,
          0,
          0,
          0,
          0,
          0,
          0,
          0,
          null,
          0,
          null,
          0,
          0,
          null,
          0,
          0,
          0,
          null,
          0,
          0,
          0,
          0,
          null,
          null,
          0,
          null,
          null,
          null,
          null,
          null,
          1,
          null,
          null,
          null,
          null,
          null,
          null,
          null,
          1,
          53,
          null,
          null,
          null,
          null,
          1,
          2,
          2,
          2,
          2,
          0,
          0,
          null,
          0,
          null,
          null,
          null,
          null,
          1,
          0,
          null,
          null,
          null,
          1,
          495,
          495,
          33,
          33,
          461,
          null,
          null,
          196,
          196,
          196,
          0,
          0,
          null,
          196,
          null,
          266,
          null,
          null,
          null,
          null,
          1,
          0,
          null,
          null,
          null,
          1,
          308,
          null,
          null,
          null
        ]
      },
      "/home/rbotafogo/desenv_linux/galaaz/lib/R_interface/r_module_s.rb": {
        "lines": [
          null,
          null,
          null,
          null,
          null,
          null,
          null,
          null,
          null,
          null,
          null,
          null,
          null,
          null,
          null,
          null,
          null,
          null,
          null,
          null,
          null,
          null,
          null,
          1,
          null,
          null,
          null,
          null,
          null,
          null,
          1,
          null,
          null,
          null,
          null,
          null,
          1,
          0,
          null,
          null,
          null,
          null,
          null,
          null
        ]
      },
      "/home/rbotafogo/desenv_linux/galaaz/lib/R_interface/r_arrow.rb": {
        "lines": [
          null,
          null,
          null,
          null,
          null,
          null,
          null,
          null,
          null,
          null,
          1,
          1,
          null,
          null,
          null,
          null,
          null,
          null,
          null,
          null,
          null,
          null,
          null,
          null,
          null,
          1,
          1,
          1,
          4,
          0,
          3,
          4,
          4000,
          0,
          null,
          4000,
          null,
          null,
          0,
          null,
          null,
          null,
          1,
          null,
          1,
          4,
          null,
          1,
          16000,
          16000,
          null,
          null,
          1,
          1,
          null,
          null,
          null,
          null,
          null,
          null,
          null,
          1,
          2,
          null,
          null,
          null,
          null,
          null,
          null,
          null,
          1,
          2,
          null,
          null,
          null,
          null,
          null,
          null,
          1,
          1,
          null,
          null,
          null,
          null,
          null,
          null,
          null,
          1,
          1,
          1,
          null,
          null,
          null,
          null,
          null,
          null,
          1,
          0,
          null,
          null,
          null,
          null,
          null,
          null,
          null,
          1,
          2,
          2,
          null,
          null,
          null,
          null,
          null
        ]
      },
      "/home/rbotafogo/desenv_linux/galaaz/lib/R_interface/rlogical_operators.rb": {
        "lines": [
          null,
          null,
          null,
          null,
          null,
          null,
          null,
          null,
          null,
          null,
          null,
          null,
          null,
          null,
          null,
          null,
          null,
          null,
          null,
          null,
          null,
          null,
          null,
          1,
          null,
          1,
          null,
          null,
          null,
          null,
          null,
          1,
          2,
          null,
          null,
          1,
          null,
          null,
          null,
          null,
          null,
          1,
          2,
          null,
          null,
          1,
          null,
          null,
          null,
          null
        ]
      },
      "/home/rbotafogo/desenv_linux/galaaz/lib/util/exec_ruby.rb": {
        "lines": [
          null,
          null,
          null,
          null,
          null,
          null,
          null,
          null,
          null,
          null,
          null,
          null,
          null,
          null,
          null,
          null,
          null,
          null,
          null,
          null,
          null,
          null,
          null,
          1,
          1,
          null,
          null,
          null,
          null,
          null,
          null,
          1,
          null,
          1,
          null,
          1,
          3,
          null,
          null,
          1,
          1,
          null,
          null,
          null,
          null,
          null,
          1,
          5,
          7,
          1,
          null,
          null,
          1,
          0,
          0,
          null,
          null,
          1,
          0,
          null,
          null,
          1,
          1,
          null,
          null,
          1,
          2,
          null,
          null,
          null,
          null,
          1,
          1,
          null,
          null,
          null,
          null,
          null,
          1,
          null,
          null,
          null,
          1,
          10,
          null,
          8,
          8,
          7,
          7,
          6,
          5,
          2,
          null,
          0,
          null,
          1,
          null,
          null,
          null,
          null,
          1,
          8,
          7,
          null,
          7,
          7,
          6,
          4,
          2,
          null,
          0,
          null,
          null,
          null,
          null,
          null,
          null,
          null,
          null,
          null,
          null,
          null,
          null,
          null,
          null,
          null,
          null,
          null,
          null,
          1,
          null,
          null,
          null,
          null,
          null,
          0,
          0,
          null,
          0,
          0,
          null,
          0,
          null,
          null,
          0,
          null,
          null,
          null,
          null,
          0,
          0,
          0,
          0,
          null,
          0,
          null,
          null,
          null,
          null,
          null,
          null,
          null,
          0,
          null,
          null,
          null,
          null,
          null,
          0,
          null,
          null,
          null,
          null,
          0,
          null,
          0,
          null,
          null,
          null,
          0,
          0,
          null,
          0,
          null,
          null,
          null,
          null,
          0,
          0,
          0,
          null,
          null,
          0,
          0,
          0,
          0,
          0,
          null,
          null,
          null,
          0,
          0,
          null,
          null,
          null,
          0,
          null,
          null,
          null,
          null,
          0,
          null,
          null,
          null,
          null
        ]
      },
      "/home/rbotafogo/desenv_linux/galaaz/lib/R_interface/r_methods.rb": {
        "lines": [
          null,
          null,
          null,
          null,
          null,
          null,
          null,
          null,
          null,
          null,
          null,
          null,
          null,
          null,
          null,
          null,
          null,
          null,
          null,
          null,
          null,
          null,
          null,
          1,
          null,
          1,
          null,
          null,
          null,
          null,
          1,
          0,
          null,
          null,
          1,
          0,
          null,
          null,
          1,
          0,
          null,
          null,
          1,
          0,
          null,
          null,
          1,
          70,
          null,
          null,
          1,
          83,
          null,
          null,
          1,
          0,
          null,
          null,
          1,
          0,
          null,
          null,
          1,
          0,
          null,
          null,
          1,
          0,
          null,
          null,
          null,
          null,
          null
        ]
      },
      "/home/rbotafogo/desenv_linux/galaaz/lib/R_interface/rvector.rb": {
        "lines": [
          null,
          null,
          null,
          null,
          null,
          null,
          null,
          null,
          null,
          null,
          null,
          null,
          null,
          null,
          null,
          null,
          null,
          null,
          null,
          null,
          null,
          null,
          null,
          1,
          null,
          1,
          1,
          1,
          1,
          1,
          1,
          1,
          1,
          null,
          1,
          1009,
          null,
          null,
          null,
          null,
          null,
          null,
          1,
          1050,
          null,
          null,
          null,
          null,
          null,
          null,
          1,
          460,
          0,
          null,
          460,
          288,
          288,
          null,
          null,
          null,
          172,
          172,
          172,
          null,
          171,
          null,
          171,
          null,
          58,
          58,
          null,
          56,
          56,
          56,
          56,
          56,
          56,
          56,
          null,
          38,
          38,
          38,
          38,
          38,
          38,
          5,
          32,
          1,
          null,
          null,
          19,
          19,
          null,
          null,
          null,
          1,
          null,
          null,
          null,
          1,
          0,
          0,
          null,
          null,
          null,
          null,
          null,
          null,
          1,
          null,
          1,
          null,
          null,
          1,
          null,
          1,
          1,
          null,
          null,
          1,
          1,
          null,
          null,
          1,
          1,
          1,
          null,
          null,
          null,
          1,
          1,
          1,
          null,
          null,
          1,
          null,
          null,
          null,
          null,
          null,
          1,
          null,
          null,
          null,
          1,
          1,
          null,
          null,
          1,
          null,
          1,
          null,
          null,
          null,
          1,
          null,
          null,
          1,
          0,
          0,
          null,
          null,
          null,
          1,
          3,
          null,
          2,
          9,
          null,
          null,
          1,
          5,
          null,
          null,
          0,
          null,
          null,
          null,
          null,
          null,
          null,
          null,
          1,
          2,
          null,
          1,
          5,
          null,
          null,
          1,
          5,
          null,
          null,
          0,
          null,
          null,
          null,
          null,
          null,
          null,
          null,
          null,
          1,
          1,
          null,
          null,
          1,
          null,
          null,
          1,
          173,
          173,
          173,
          173,
          null,
          173,
          null,
          0,
          null,
          0,
          null,
          null,
          null,
          null,
          1,
          171,
          171,
          171,
          171,
          171,
          null,
          null,
          null,
          null,
          null,
          null
        ]
      },
      "/home/rbotafogo/desenv_linux/galaaz/lib/R_interface/ruby_callback.rb": {
        "lines": [
          null,
          null,
          null,
          null,
          null,
          null,
          null,
          null,
          null,
          null,
          null,
          null,
          null,
          null,
          null,
          null,
          null,
          null,
          null,
          null,
          null,
          null,
          null,
          1,
          null,
          1,
          null,
          null,
          1,
          null,
          1,
          null,
          null,
          null,
          null,
          null,
          1,
          0,
          null,
          null,
          null,
          null,
          null,
          null,
          null,
          null,
          null,
          1,
          0,
          null,
          null,
          0,
          null,
          null,
          null,
          null,
          null,
          null,
          1,
          0,
          null,
          null,
          null,
          null,
          null,
          null,
          1,
          null,
          null,
          0,
          null,
          null,
          null,
          null,
          null,
          0,
          null,
          null,
          null,
          null,
          null,
          null
        ]
      },
      "/home/rbotafogo/desenv_linux/galaaz/lib/R_interface/rmd_indexed_object.rb": {
        "lines": [
          null,
          null,
          null,
          null,
          null,
          null,
          null,
          null,
          null,
          null,
          null,
          null,
          null,
          null,
          null,
          null,
          null,
          null,
          null,
          null,
          null,
          null,
          null,
          1,
          null,
          null,
          null,
          null,
          null,
          null,
          1,
          null,
          null,
          null,
          null,
          null,
          1,
          117,
          null,
          86,
          0,
          86,
          86,
          null,
          31,
          null,
          null,
          null,
          null,
          null,
          null
        ]
      }
    },
    "timestamp": 1775579860
  }
}
